<?xml version="1.0" encoding="UTF-8"?>
<!-- Generated by org.testng.reporters.JUnitXMLReporter -->
<testsuite hostname="HJNZL002084" failures="1" tests="3" name="testCaculate" time="0.04" errors="0" timestamp="15 Feb 2023 08:24:44 GMT">
  <testcase classname="CalculatorTestSuccessful" name="testDivisionException" time="0.001"/>
  <testcase classname="CalculatorTestSuccessful" name="testDivison" time="0.002"/>
  <testcase classname="CalculatorTestSuccessful" name="testSubstraction" time="0.001">
    <failure type="java.lang.AssertionError" message="expected [true] but found [false]">
      <![CDATA[java.lang.AssertionError: expected [true] but found [false]
	at CalculatorTestSuccessful.testSubstraction(CalculatorTestSuccessful.java:71)
... Removed 31 stack frames]]>
    </failure>
  </testcase> <!-- testSubstraction -->
</testsuite> <!-- testCaculate -->
