-------------------------------------------------------------------------------
Test set: TestSuite
-------------------------------------------------------------------------------
Tests run: 3, Failures: 1, Errors: 0, Skipped: 0, Time elapsed: 0.747 sec <<< FAILURE! - in TestSuite
testSubstraction(CalculatorTestSuccessful)  Time elapsed: 0.01 sec  <<< FAILURE!
java.lang.AssertionError: expected [true] but found [false]
	at CalculatorTestSuccessful.testSubstraction(CalculatorTestSuccessful.java:71)

