<?xml version="1.0" encoding="UTF-8"?>
<testsuite xmlns:xsi="http://www.w3.org/2001/XMLSchema-instance" xsi:schemaLocation="https://maven.apache.org/surefire/maven-surefire-plugin/xsd/surefire-test-report.xsd" name="TestSuite" time="0.747" tests="3" errors="0" skipped="0" failures="1">
  <properties>
[...]
</properties>
  <testcase name="testDivisionException" classname="CalculatorTestSuccessful" time="0.002"/>
  <testcase name="testDivison" classname="CalculatorTestSuccessful" time="0"/>
  <testcase name="testSubstraction" classname="CalculatorTestSuccessful" time="0.01">
    <failure message="expected [true] but found [false]" type="java.lang.AssertionError">java.lang.AssertionError: expected [true] but found [false]
	at CalculatorTestSuccessful.testSubstraction(CalculatorTestSuccessful.java:71)
</failure>
  </testcase>
</testsuite>